# JRE version: Java(TM) SE Runtime Environment (8.0_151-b12) (build 1.8.0_151-b12)
# Java VM: Java HotSpot(TM) 64-Bit Server VM (25.151-b12 mixed mode windows-amd64 compressed oops)
Heap:
 PSYoungGen      total 9728K, used 1319K [0x00000000f5d80000, 0x00000000f6800000, 0x0000000100000000)
  eden space 8704K, 15% used [0x00000000f5d80000,0x00000000f5ec9cd0,0x00000000f6600000)
  from space 1024K, 0% used [0x00000000f6600000,0x00000000f6600000,0x00000000f6700000)
  to   space 1024K, 0% used [0x00000000f6700000,0x00000000f6700000,0x00000000f6800000)
 ParOldGen       total 22016K, used 3453K [0x00000000e1800000, 0x00000000e2d80000, 0x00000000f5d80000)
  object space 22016K, 15% used [0x00000000e1800000,0x00000000e1b5f560,0x00000000e2d80000)
 Metaspace       used 12257K, capacity 12572K, committed 12800K, reserved 1062912K
  class space    used 1658K, capacity 1750K, committed 1792K, reserved 1048576K
GC Heap History (4 events):
Event: 2.371 GC heap before
{Heap before GC invocations=1 (full 0):
 PSYoungGen      total 9728K, used 7481K [0x00000000f5d80000, 0x00000000f6800000, 0x0000000100000000)
  eden space 8704K, 85% used [0x00000000f5d80000,0x00000000f64ce6e8,0x00000000f6600000)
  from space 1024K, 0% used [0x00000000f6700000,0x00000000f6700000,0x00000000f6800000)
  to   space 1024K, 0% used [0x00000000f6600000,0x00000000f6600000,0x00000000f6700000)
 ParOldGen       total 22016K, used 0K [0x00000000e1800000, 0x00000000e2d80000, 0x00000000f5d80000)
  object space 22016K, 0% used [0x00000000e1800000,0x00000000e1800000,0x00000000e2d80000)
 Metaspace       used 11625K, capacity 11844K, committed 12032K, reserved 1064960K
  class space    used 1581K, capacity 1680K, committed 1792K, reserved 1048576K
Event: 2.389 GC heap after
Heap after GC invocations=1 (full 0):
 PSYoungGen      total 9728K, used 1008K [0x00000000f5d80000, 0x00000000f6800000, 0x0000000100000000)
  eden space 8704K, 0% used [0x00000000f5d80000,0x00000000f5d80000,0x00000000f6600000)
  from space 1024K, 98% used [0x00000000f6600000,0x00000000f66fc010,0x00000000f6700000)
  to   space 1024K, 0% used [0x00000000f6700000,0x00000000f6700000,0x00000000f6800000)
 ParOldGen       total 22016K, used 2469K [0x00000000e1800000, 0x00000000e2d80000, 0x00000000f5d80000)
  object space 22016K, 11% used [0x00000000e1800000,0x00000000e1a69748,0x00000000e2d80000)
 Metaspace       used 11625K, capacity 11844K, committed 12032K, reserved 1064960K
  class space    used 1581K, capacity 1680K, committed 1792K, reserved 1048576K
}
Event: 2.389 GC heap before
{Heap before GC invocations=2 (full 1):
 PSYoungGen      total 9728K, used 1008K [0x00000000f5d80000, 0x00000000f6800000, 0x0000000100000000)
  eden space 8704K, 0% used [0x00000000f5d80000,0x00000000f5d80000,0x00000000f6600000)
  from space 1024K, 98% used [0x00000000f6600000,0x00000000f66fc010,0x00000000f6700000)
  to   space 1024K, 0% used [0x00000000f6700000,0x00000000f6700000,0x00000000f6800000)
 ParOldGen       total 22016K, used 2469K [0x00000000e1800000, 0x00000000e2d80000, 0x00000000f5d80000)
  object space 22016K, 11% used [0x00000000e1800000,0x00000000e1a69748,0x00000000e2d80000)
 Metaspace       used 11625K, capacity 11844K, committed 12032K, reserved 1064960K
  class space    used 1581K, capacity 1680K, committed 1792K, reserved 1048576K
Event: 2.574 GC heap after
Heap after GC invocations=2 (full 1):
 PSYoungGen      total 9728K, used 0K [0x00000000f5d80000, 0x00000000f6800000, 0x0000000100000000)
  eden space 8704K, 0% used [0x00000000f5d80000,0x00000000f5d80000,0x00000000f6600000)
  from space 1024K, 0% used [0x00000000f6600000,0x00000000f6600000,0x00000000f6700000)
  to   space 1024K, 0% used [0x00000000f6700000,0x00000000f6700000,0x00000000f6800000)
 ParOldGen       total 22016K, used 3453K [0x00000000e1800000, 0x00000000e2d80000, 0x00000000f5d80000)
  object space 22016K, 15% used [0x00000000e1800000,0x00000000e1b5f560,0x00000000e2d80000)
 Metaspace       used 11625K, capacity 11844K, committed 12032K, reserved 1062912K
  class space    used 1581K, capacity 1680K, committed 1792K, reserved 1048576K
}

